0 info it worked if it ends with ok
1 verbose cli [ 'node', '/usr/local/bin/npm', 'install', '--save', 'pg-hstore' ]
2 info using npm@1.4.28
3 info using node@v0.10.36
4 verbose readDependencies using package.json deps
5 verbose cache add [ 'pg-hstore', null ]
6 verbose cache add name=undefined spec="pg-hstore" args=["pg-hstore",null]
7 verbose parsed url { protocol: null,
7 verbose parsed url   slashes: null,
7 verbose parsed url   auth: null,
7 verbose parsed url   host: null,
7 verbose parsed url   port: null,
7 verbose parsed url   hostname: null,
7 verbose parsed url   hash: null,
7 verbose parsed url   search: null,
7 verbose parsed url   query: null,
7 verbose parsed url   pathname: 'pg-hstore',
7 verbose parsed url   path: 'pg-hstore',
7 verbose parsed url   href: 'pg-hstore' }
8 silly lockFile 4b9c85b6-pg-hstore pg-hstore
9 verbose lock pg-hstore /Users/samuelcabral/.npm/4b9c85b6-pg-hstore.lock
10 silly lockFile 4b9c85b6-pg-hstore pg-hstore
11 silly lockFile 4b9c85b6-pg-hstore pg-hstore
12 verbose addNamed [ 'pg-hstore', '' ]
13 verbose addNamed [ null, '*' ]
14 silly lockFile dae28664-pg-hstore pg-hstore@
15 verbose lock pg-hstore@ /Users/samuelcabral/.npm/dae28664-pg-hstore.lock
16 silly addNameRange { name: 'pg-hstore', range: '*', hasData: false }
17 verbose request where is /pg-hstore
18 verbose request registry https://registry.npmjs.org/
19 verbose request id 7aff4a97bd75331b
20 verbose url raw /pg-hstore
21 verbose url resolving [ 'https://registry.npmjs.org/', './pg-hstore' ]
22 verbose url resolved https://registry.npmjs.org/pg-hstore
23 verbose request where is https://registry.npmjs.org/pg-hstore
24 info trying registry request attempt 1 at 11:35:48
25 verbose etag "B0VDDH4Z0835BCLHKV8UW3W1V"
26 http GET https://registry.npmjs.org/pg-hstore
27 http 200 https://registry.npmjs.org/pg-hstore
28 silly registry.get cb [ 200,
28 silly registry.get   { date: 'Fri, 13 Feb 2015 19:35:48 GMT',
28 silly registry.get     server: 'CouchDB/1.5.0 (Erlang OTP/R16B03)',
28 silly registry.get     etag: '"EDOHBL3XLTZHEAKSFGI5SEZZL"',
28 silly registry.get     'content-type': 'application/json',
28 silly registry.get     'cache-control': 'max-age=60',
28 silly registry.get     'content-length': '15506',
28 silly registry.get     'accept-ranges': 'bytes',
28 silly registry.get     via: '1.1 varnish',
28 silly registry.get     age: '0',
28 silly registry.get     'x-served-by': 'cache-lax1429-LAX',
28 silly registry.get     'x-cache': 'MISS',
28 silly registry.get     'x-cache-hits': '0',
28 silly registry.get     'x-timer': 'S1423856148.564299,VS0,VE41',
28 silly registry.get     vary: 'Accept',
28 silly registry.get     'keep-alive': 'timeout=10, max=50',
28 silly registry.get     connection: 'Keep-Alive' } ]
29 silly addNameRange number 2 { name: 'pg-hstore', range: '*', hasData: true }
30 silly addNameRange versions [ 'pg-hstore',
30 silly addNameRange   [ '1.0.0',
30 silly addNameRange     '1.0.1',
30 silly addNameRange     '1.0.2',
30 silly addNameRange     '1.0.3',
30 silly addNameRange     '1.0.4',
30 silly addNameRange     '1.1.0',
30 silly addNameRange     '2.0.0',
30 silly addNameRange     '2.1.0',
30 silly addNameRange     '2.1.1',
30 silly addNameRange     '2.1.2',
30 silly addNameRange     '2.2.0',
30 silly addNameRange     '2.3.0',
30 silly addNameRange     '2.3.1' ] ]
31 verbose addNamed [ 'pg-hstore', '2.3.1' ]
32 verbose addNamed [ '2.3.1', '2.3.1' ]
33 silly lockFile 3362f215-pg-hstore-2-3-1 pg-hstore@2.3.1
34 verbose lock pg-hstore@2.3.1 /Users/samuelcabral/.npm/3362f215-pg-hstore-2-3-1.lock
35 silly lockFile 7a7eea25-rg-pg-hstore-pg-hstore-2-3-1-tgz https://registry.npmjs.org/pg-hstore/-/pg-hstore-2.3.1.tgz
36 verbose lock https://registry.npmjs.org/pg-hstore/-/pg-hstore-2.3.1.tgz /Users/samuelcabral/.npm/7a7eea25-rg-pg-hstore-pg-hstore-2-3-1-tgz.lock
37 verbose addRemoteTarball [ 'https://registry.npmjs.org/pg-hstore/-/pg-hstore-2.3.1.tgz',
37 verbose addRemoteTarball   '5267d8f653e447d3cacc2dddf42d39a0cd03d817' ]
38 info retry fetch attempt 1 at 11:35:48
39 verbose fetch to= /var/folders/2x/c_hjqpvn5_ggf32fh536y0nc0000gn/T/npm-10851-cxr64YQ-/registry.npmjs.org/pg-hstore/-/pg-hstore-2.3.1.tgz
40 http GET https://registry.npmjs.org/pg-hstore/-/pg-hstore-2.3.1.tgz
41 http 200 https://registry.npmjs.org/pg-hstore/-/pg-hstore-2.3.1.tgz
42 silly lockFile 7a7eea25-rg-pg-hstore-pg-hstore-2-3-1-tgz https://registry.npmjs.org/pg-hstore/-/pg-hstore-2.3.1.tgz
43 silly lockFile 7a7eea25-rg-pg-hstore-pg-hstore-2-3-1-tgz https://registry.npmjs.org/pg-hstore/-/pg-hstore-2.3.1.tgz
44 silly lockFile 3362f215-pg-hstore-2-3-1 pg-hstore@2.3.1
45 silly lockFile 3362f215-pg-hstore-2-3-1 pg-hstore@2.3.1
46 silly lockFile dae28664-pg-hstore pg-hstore@
47 silly lockFile dae28664-pg-hstore pg-hstore@
48 error Error: EACCES, mkdir '/Users/samuelcabral/.npm/pg-hstore/2.3.1'
48 error  { [Error: EACCES, mkdir '/Users/samuelcabral/.npm/pg-hstore/2.3.1']
48 error   errno: 3,
48 error   code: 'EACCES',
48 error   path: '/Users/samuelcabral/.npm/pg-hstore/2.3.1',
48 error   parent: 'perfect_pitch' }
49 error Please try running this command again as root/Administrator.
50 error System Darwin 14.1.0
51 error command "node" "/usr/local/bin/npm" "install" "--save" "pg-hstore"
52 error cwd /Users/samuelcabral/Documents/Education/General Assembly/projects/perfect_pitch
53 error node -v v0.10.36
54 error npm -v 1.4.28
55 error path /Users/samuelcabral/.npm/pg-hstore/2.3.1
56 error code EACCES
57 error errno 3
58 error stack Error: EACCES, mkdir '/Users/samuelcabral/.npm/pg-hstore/2.3.1'
59 verbose exit [ 3, true ]
